<?xml version="1.0" encoding="UTF-8"?>
<!-- Generated by org.testng.reporters.JUnitReportReporter -->
<testsuite skipped="0" hostname="5CD138MBFF" name="Testing.UploadingFile" tests="1" failures="0" timestamp="2022-01-24T11:50:49 IST" time="14.885" errors="0">
  <testcase name="file" time="14.885" classname="Testing.UploadingFile"/>
  <system-out/>
</testsuite> <!-- Testing.UploadingFile -->
